    1  passwd
    2  wget    https://s3.amazonaws.com/amazon-reviews-pds/tsv/amazon_reviews_us_Books_v1_02.tsv.gz
    3  cd ~/Desktop
    4  cd ~/Users/pranav/Desktop
    5  cd ~/Desktop
    6  cd ~/ws1
    7  mkdir ws1
    8  cd ws1/
    9  git init
   10  touch pchillappagari.txt
   11  ls
   12  git status
   13  git add pchillappagari.txt
   14  git status
   15  git commit -m "This is my first commit!"
   16  git config -- global user.email "chillapranav@gmail.com"
   17  git commit -m 
   18  git commit -m "This is my first commit!"
   19  $ git --version
   20  git --version
   21  git config --global user.email "chillapranav@gmail.com"
   22  git commit -m "This is my first commit"
   23  git config user.email "chillapranav@gmail.com
   24  "
   25  git commit -m "This is my first commit"
   26  git config user.email "chillapranav@gmail.com"
   27  git commit -m "This is my first commit"
   28  git config user.name "Pranav"
   29  git commit -m "This is my first commit"
   30  gitgit remote add origin https://github.com/pranav-chill/ws1.git
   31  git remote add origin https://github.com/pranav-chill/ws1.git
   32  git branch -M main
   33  git push -u origin main
   34  git remote add origin https://github.com/pranav-chill/ws1.git
   35  git branch -M main
   36  git push -u origin main
   37  git push origin my-new-branch
   38  git fetch origin
   39  git push origin my-new-branch
   40  git push origin main
   41  git push origin mynewbranch
   42  git push origin main
   43  git push -u origin master
   44  git pull origin main
   45  history
   46  history > cmds.log
   47  git add cmds.log
   48  git status
   49  git commit -m "This is the commit for the command log"
   50  git push origin main
   51  $ wget    https://s3.amazonaws.com/amazon-reviews-pds/tsv/amazon_reviews_us_Books_v1_02.tsv.gz
   52  wget    https://s3.amazonaws.com/amazon-reviews-pds/tsv/amazon_reviews_us_Books_v1_02.tsv.gz
   53  nano
   54  gzip amazon_reviews_us_Books_v1_02.tsv.gz
   55  head -n amazon_reviews_us_Books_v1_02.tsv
   56  head -n 10 amazon_reviews_us_Books_v1_02.tsv
   57  gzip amazon_reviews_us_Books_v1_02.tsv
   58  gzip amazon_reviews_us_Books_v1_02.tsv.gz.1
   59  nano
   60  head -n 10 amazon_reviews_us_Books_v1_02.tsv
   61  head -n 10 amazon_reviews_us_Books_v1_02.tsv.gz.1
   62  gunzip amazon_reviews_us_Books_v1_02.tsv.gz.1
   63  nano amazon_reviews_us_Books_v1_02.tsv
   64  cd ~/Desktop
   65  ~cd ~/Desktop
   66  cd ~/Desktop
   67  ls
   68  ls cd
   69  cd ls
   70  pwd
   71  cd ~/Users/pranav/Desktop
   72  cd ~
   73  ls
   74  cd ~/desktop
   75  mkdir ws2
   76  cd /home/pranav/Desktop
   77  cd /Users/pranav/Desktop
   78  cd~
   79  cd ~
   80  cd ~/Users/pranav/Desktip
   81  cd ~/Users/pranav/Desktop
   82  cd /Desktop
   83  cd ~
   84  cd ~/Desktop
   85  pwd
   86  ls cd~
   87  cd ls ~
   88  ls cd ~
   89  cd Desktop
   90  $ ls
   91  ls
   92  cd Desktop
   93  ls
   94  pwd
   95  mkdir Desktop
   96  pwd
   97  cd ~/Desktop
   98  ls
   99  mkdir ws2
  100  cd ws2/
  101  wget    https://s3.amazonaws.com/amazon-reviews-pds/tsv/amazon_reviews_us_Books_v1_02.tsv.gz
  102  gunzip https://s3.amazonaws.com/amazon-reviews-pds/tsv/amazon_reviews_us_Books_v1_02.tsv.gz
  103  gunzip https://s3.amazonaws.com/amazon-reviews-pds/tsv/amazon_reviews_us_Books_v1_02.tsv
  104  gunzip amazon_reviews_us_Books_v1_02.tsv.gz
  105  ls
  106  pwd
  107  cd ~/Desktop/ws2
  108  ls
  109  pwd
  110  nano amazon_reviews_us_Books_v1_02.tsv
  111  grep -n "verified_purchase" > verified.txt
  112  ls verified_purchase
  113  nano amazon_reviews_us_Books_v1_02.tsv
  114  man grep
  115  nano amazon_reviews_us_Books_v1_02.tsv
  116  cd ~/Desktop/ws2
  117  ls
  118  nano verified.txt
  119  rm verified.txt
  120  ls
  121  history
  122  nano amazon_reviews_us_Books_v1_02.tsv
  123  awk '$12 == "Y" {print($0)}'
  124  awk '$12 == "Y" {print($0)}' > text.txt
  125  ls
  126  nano text.txt
  127  rmv text.txt
  128  rm text.txt
  129  awk '$12 == "Y"
  130  '
  131  awk
  132  awk '$12 == "Y"' amazon_reviews_us_Books_v1_02.tsv.gz
  133  ls
  134  awk '$12 == "Y"' amazon_reviews_us_Books_v1_02.tsv
  135  awk '$12 == "Y"' amazon_reviews_us_Books_v1_02.tsv > test.txt
  136  nano test.txt
  137  rm test.txt
  138  awk '$12 == "Y"' amazon_reviews_us_Books_v1_02.tsv > Verified.txt
  139  awk '$12 == "N"' amazon_reviews_us_Books_v1_02.tsv > Unverified.txt
  140  wc Verified.txt
  141  grep Y verified.txt > YVerif.txt
  142  grep Y Verified.txt > YVerif.txt
  143  wc Yverif.txt
  144  wc YVerif.txt
  145  wc Univerfied.txt
  146  wc Unverified.txt
  147  ls
  148  rm Unverified.txt
  149  rm Verified.txt
  150  rm YVerif.txt
  151  history
  152  history
  153  cd ~/Desktop/ws2
  154  ls
  155  rm Unverified.txt
  156  Verified.txt
  157  rm Verified00.txt
  158  rm Verified.txt
  159  rm Verified1.txt
  160  rm Verified101.txt
  161  rm vy.txt
  162  ls
  163  cut -f12 amazon_reviews_us_Books_v1_02.tsv > Verified.txt
  164  nano Verified.txt
  165  grep N Verified.txt > Unverified.txt
  166  nano Unverified.txt
  167  grep Y < Verified.txt
  168  history
  169  ls
  170  rm Unverified.txt
  171  rm Verified.txt
  172  ls
  173  cut -f12 > AllVerified.txt
  174  cut -f12 amazon_reviews_us_Books_v1_02.tsv > AllVerified.txt
  175  nano AllVerified.txt
  176  grep Y AllVerified.txt > Verified.txt
  177  grep N AllVerified.txt > Unverified.txt
  178  wc Verified.txt
  179  wc Unverified.txt
  180  wc Verified.txt > count.txt
  181  wc Unverified >> count.txt
  182  wc Unverified.txt >> count.txt
  183  cat count.txt
  184  nano count.txt
  185  history > "cmds.log"
  186  git init
  187  git add cmds.log count.txt
  188  ls
  189  git ls
  190  ls git
  191  git status
  192  git commit -a
  193  git config chillapranav@gmail.com
  194  git config "chillapranav@gmail.com"
  195  git config --global user.email "chillapranav@gmail.com"
  196  git congit -- global user.name "Pranav"
  197  git config --global user.name "Pranav"
  198  git commit -a
  199  git commit -m "Commands Log and Counts of Verified and Unverified Reviews."
  200  git statyus
  201  git status
  202  git remote add origin https://github.com/pranav-chill/ws2.git
  203  git push -u origin master
  204  git clone https://github.com/pranav-chill/ws2.git
  205  ls
  206  pwd
  207  ls
  208  cd /Desktop
  209  cd ~/Desktop
  210  pwd
  211  $HOME
  212  pwd
  213  cd ~
  214  pwd
  215  $HOME
  216  /etc/passwd
  217  id -u username
  218  id -u pranav
  219  id -u dndn
  220  id -u 12.42.205.101
  221  id -u pranav
  222  /etc/group
  223  sudo nano /etc/group
  224  chmod man
  225  man chmod
  226  $HOME
  227  pwd
  228  script a1.txt
  229  less a1.txt
  230  groups
  231  gid
  232  uid
  233  /etc/group
  234  lll /home
  235  ls /home
  236  ls /root
  237  sudo ls /root
  238  sudo /etc/group
  239  sudo nano /etc/sudoers
  240  pranav ALL=(ALL)  ALL
  241  id -un
  242  sudo ls /root
  243  /etc/passwd
  244  sudo /etc/passwd/root
  245  sudo su
  246  su
  247  sudo
  248  sudo ls /root
  249  "pranav" ALL=(ALL) ALL
  250  "pranav" ALL=(ALL) ALL > /etc/sudoers
  251  id -un
  252  man sudoers
  253  /etc/sudoers
  254  /etc/sudoers root
  255  ls /etc/sudoers root
  256  sudo /etc/group
  257  "pranav" ALL=(ALL) ALL
  258  "pranav" ALL=ALL ALL
  259  ALL=(ALL) ALL
  260  sudo visudo
  261  root ALL=(ALL) ALL
  262  %admin ALL=(ALL) ALL
  263  pranav ALL=(ALL) ALL
  264  "pranav" ALL = (ALL) ALL
  265  sudo -s
  266  %admin ALL=(ALL) ALL
  267  grep pranav /etc/passwd
  268  pranav /etc/passwd
  269  grep pranav /etc/group
  270  grep pranav /etc/groups
  271  id
  272  /etc/passwd root
  273  sudo /etc/passwd root
  274  /etc/passwd root
  275  grep /etc/passwd 
  276  grep pranav /etc/passwd
  277  grep pranav /etc/group
  278  ls pranav grep pranav /etc/group
  279  ls pranav /etc/group
  280  ls /etc/group
  281  man mktemp
  282  chmod man
  283  chmod --help
  284  man chmod
  285  id -g
  286  id -u
  287  mktemp -d
  288  chmod 777 /tmp/tmp.zvXD0SDjwy
  289  ls -1
  290  cd /var/tmp
  291  ls
  292  rm -r *
  293  ls
  294  mktemp -d 
  295  ls -1
  296  less a1.txt
  297  ls -l
  298  cd /tmp/tmp.5eR6kvwV62
  299  chmod -x
  300  chmod --help
  301  chmod -x
  302  chmod -rwx tmp.5eR6kvwV62
  303  chmod -rwx /tmp/tmp.5eR6kvwV62
  304  ls
  305  cd
  306  cd /tmp/tmp.5eR6kvwV62
  307  chmod +rwx /tmp/tmp.5eR6kvwV62
  308  cd /tmp/tmp.5eR6kvwV62
  309  ls -l
  310  ls
  311  chmod -rwx tmp.5eR6kvwV62
  312  chmod -rwx /tmp/tmp.5eR6kvwV62
  313  touch test.txt
  314  cd
  315  mkdir test 1
  316  mkdir test 2
  317  ls
  318  mkdir test2
  319  mv test test2
  320  ls
  321  cd test2
  322  ls
  323  cd
  324  mkdir test3
  325  cp test2 test3
  326  cp man
  327  man cp
  328  cp -r test2 test3
  329  cd test3
  330  ls
  331  ls test2
  332  cd
  333  ls
  334  cd /proc/
  335  ls
  336  head meminfo
  337  head cpuinfo
  338  tail cpuinfo
  339  cd
  340  ls
  341  gunzip amazon_reviews_us_Books_v1_02.tsv.gz.1
  342  gzip amazon_reviews_us_Books_v1_02.tsv.gz.1
  343  nano amazon_reviews_us_Books_v1_02.tsv
  344  nano amazon_reviews_us_Books_v1_02.tsv.1
  345  ls amazon_reviews_us_Books_v1_02.tsv.1
  346  gunzip -c amazon_reviews_us_Books_v1_02.tsv.gz.1 | wc -c
  347  ls
  348  gzip -l amazon_reviews_us_Books_v1_02.tsv.gz.1
  349  -l amazon_reviews_us_Books_v1_02.tsv
  350  man grep
  351  grep -i "great" amazon_reviews_us_Books_v1_02.tsv > great.txt
  352  ls
  353  rm amazon_reviews_us_Books_v1_02.tsv.gz
  354  rm amazon_reviews_us_Books_v1_02.tsv.gz.1.gz
  355  rm great.txt
  356  rm  test2
  357  rm test2
  358  rm -r test2
  359  rm -r test3
  360  ls
  361  wget    https://s3.amazonaws.com/amazon-reviews-pds/tsv/amazon_reviews_us_Books_v1_02.tsv.gz
  362  ls
  363  gunzip amazon_reviews_us_Books_v1_02.tsv.gz
  364  ls
  365  grep -i "great" amazon_reviews_us_Books_v1_02.tsv > great.txt
  366  nano great.txt
  367  wc -i "great" great.txt > greatwc.txt
  368  wc "great" great.txt > greatwc.txt
  369  ls
  370  neno greatwc.txt
  371  nano greatwc.txt
  372  rm greatwc.txt
  373  rm great.txt
  374  -l amazon_reviews_us_Books_v1_02.tsv
  375  -ls amazon_reviews_us_Books_v1_02.tsv
  376  ls -l amazon_reviews_us_Books_v1_02.tsv
  377  $HOME
  378  pwd
  379  grep pranav /etc/passwd
  380  grep pranav /etc/group
  381  mktemp -d 
  382  cd /tmp/tmp.VsKIxCFWMJ
  383  chmod -rwx /tmp/tmp.5eR6kvwV62
  384  Touch test.txt
  385  touch test.txt
  386  $HOME
  387  pwd
  388  grep pranav /etc/passwd
  389  grep pranav /etc/group
  390  mktemp -d 
  391  cd /tmp/tmp.oSnz78ZDsU
  392  chmod -rwx /tmp/tmp.oSnz78ZDsU
  393  touch test.txt
  394  ls 
  395  ls -l
  396  cd
  397  cd /tmp/tmp.oSnz78ZDsU
  398  mkdir test1
  399  mkdir test2
  400  mv test1 test2
  401  cd test 2
  402  cd test2
  403  ls
  404  cd
  405  mkdir test3
  406  cp test3 test2
  407  cp -r test3 test2
  408  cd test 2
  409  cd test2
  410  ls
  411  cd
  412  cd /proc/
  413  ls
  414  head meminfo
  415  tail cpuinfo
  416  cd
  417  ls -l amazon_reviews_us_Books_v1_02.tsv
  418  ls -l --block-size=GB amazon_reviews_us_Books_v1_02.tsv
  419  grep -o -i "great" amazon_reviews_us_Books_v1_02.tsv | wc -l
  420  script a1.txt
  421  ls
  422  rm a1.txt
  423  script a1.txt
  424  less a1.txt
  425  nano a1.txt
  426  grep pranav /etc/group
  427  -id -G pranav
  428  ls
  429  nano a1.txt
  430  cd
  431  mkdir a1
  432  cd a1/
  433  git init
  434  push a1.txt
  435  git status
  436  git add a1.txt
  437  ls
  438  cd
  439  mv a1.txt a1
  440  cd a1
  441  ls
  442  git status
  443  git add a1.txt
  444  git status
  445  git commit -m "assignment 1"
  446  git remote add origin https://github.com/pranav-chill/a1.git
  447  git push -u origin master
  448  git pull origin master
  449  git log
  450  cd
  451  git clone https://github.com/pranav-chill/a1.git
  452  ls
  453  nano a1.txt
  454  cd ws3
  455  ls
  456  cd
  457  ls
  458  cd ws3
  459  head -n 1 amazon_reviews_us_Books_v1_02.tsv
  460  cd
  461  cp amazon_reviews_us_Books_v1_02.tsv ws3
  462  ls
  463  cd ws3
  464  head -n 1 amazon_reviews_us_Books_v1_02.tsv
  465  cut -d " " -f 2 amazon_reviews_us_Books_v1_02.tsv > cid.txt
  466  cut -d " " -f 4  amazon_reviews_us_Books_v1_02.tsv > pid.txt
  467  wc  *txt
  468  sort cid.txt > cid.txt.sort
  469  uniq cid.txt.sort > cid.txt.sort.uq
  470  uniq -c cid.txt.sort > cid.txt.sort.uniq
  471  head cid.txt.sort.uniq
  472  head cid.txt
  473  mkdir ws3
  474  script ws3.txt
  475  rm ws3.txt
  476  ls
  477  cd ws3
  478  ls
  479  head -n 1 amazon_reviews_us_Books_v1_02.tsv
  480  cd
  481  script ws3.txt
  482  rm ws3.txt
  483  cd ws3
  484  head -n 1 amazon_reviews_us_Books_v1_02.tsv
  485  cd
  486  mv amazon_reviews_us_Books_v1_02.tsv ws3
  487  cd ws3
  488  ls
  489  head -n 1 amazon_reviews_us_Books_v1_02.tsv
  490  cut -d " " -f 2 amazon_reviews_us_Books_v1_02.tsv.gz > cid.txt
  491  cut -d " " -f 2 amazon_reviews_us_Books_v1_02.tsv > cid.txt
  492  cut -d " " -f 4 amazon_reviews_us_Books_v1_02.tsv > pid.txt
  493  ls -altr
  494  wc *txt
  495  head cid.txt
  496  nano cid.txt
  497  ks
  498  ls
  499  head pid.txt
  500  cut -d " " -f 2 ../amazon_reviews_us_Books_v1_02.tsv
  501  cut -d " " -f 2 /amazon_reviews_us_Books_v1_02.tsv.gz
  502  cd ws3
  503  cut -f2 amazon_reviews_us_Books_v1_02.tsv > custid.txt
  504  cd
  505  mv  amazon_reviews_us_Books_v1_02.tsv ws3
  506  cd ws3
  507  cut -f2  amazon_reviews_us_Books_v1_02.tsv > custid.txt
  508  cut -f4  amazon_reviews_us_Books_v1_02.tsv > prodid.txt
  509  wc *txt
  510  head custid.txt
  511  head prodid.txt
  512  sort custid.txt > custid.txt.sort
  513  head custid.txt.sort
  514  uniq -c custid.txt.sort > custid.txt.sort.uq
  515  head custid.txt.sort.uq
  516  sort -nk1 --reverse custid.txt.sort.uq > custid.txt.sort.uq.desc
  517  head custid.txt.sort.uq.desc
  518  sort prodid.txt > prodid.txt.sort
  519  uniq -c prodid.txt.sort > prodid.txt.sort.uq
  520  sort -nk1 --reverse prodid.txt.sort.uq > prodid.txt.sort.uq.desc
  521  head prodid.txt.sort.uq.desc
  522  head amazon_reviews_us_Books_v1_02.tsv
  523  cut -f9 amazon_reviews_us_Books_v1_02.tsv > helpful.txt
  524  ls
  525  rm custid.txt
  526  rm custid.txt.sort
  527  rm custid.txt.sort.uq
  528  rm custid.txt.sort.uq.desc
  529  rm helpful.txt
  530  rm prodid.txt
  531  rm prodid.txt.sort
  532  rm prodid.txt.sort.uq
  533  rm prodid.txt.sort.uq.desc
  534  ls
  535  cd
  536  ls
  537  less ws3.txt
  538  cd ws3
  539  cut -f2 amazon_reviews_us_Books_v1_02.tsv > custid.txt
  540  head custid.txt
  541  cut -f4 amazon_reviews_us_Books_v1_02.tsv > prodid.txt
  542  head prodid.txt
  543  sort custid.txt > custid.txt.sort
  544  uniq -c custid.txt > custid.txt.sort.uq
  545  sort -nk1 --reverse custid.txt.sort.uq > custid.txt.sort.uq.desc
  546  head custid.txt.sort.uq.desc
  547  uniq -c custid.txt.sort > custid.txt.sort.uniq
  548  sort -nk1 --reverse custid.txt.sort.uniq > custid.txt.sort.uniq.desc
  549  head custid.txt.sort.uniq.desc
  550  sort prodid.txt > prodid.txt.sort
  551  prodid.txt.sort
  552  uniq -c prodid.txt.sort > prodid.txt.sort.uniq
  553  sort -nk1 --reverse prodid.txt.sort.uniq > prodid.txt.sort.uniq.desc
  554  head prodid.txt.sort.uniq.desc
  555  cut -f9 amazon_reviews_us_Books_v1_02.tsv > helpful.txt
  556  head helpful.txt
  557  sort helpful.txt > helpful.txt.sort
  558  uniq -c helpful.txt.sort > helpful.txt.sort.uniq
  559  head helpful.txt.sort.uniq
  560  sort -nk1 --reverse helpful.txt.sort.uniq > helpful.txt.sort.uniq.desc
  561  head helpful.txt.sort.uniq.desc
  562  script ws3.txt
  563  less ws3.txt
  564  nano ws3.txt
  565  cd ws3
  566  history
  567  cd
  568  history
  569  cd ws3
  570  history
  571  history > cmds.log
  572  ls
  573  git init
  574  git add cmds.log
  575  cd
  576  ls
  577  mv ws3.txt ws3
  578  cd ws3
  579  git add ws3.txt
  580  git status
  581  git commit -m "Worksheet 3"
  582  git remote add origin https://github.com/pranav-chill/ws3.git
  583  git push -u origin master
  584  git pull origin master
  585  git log
  586  cd
  587  git clone https://github.com/pranav-chill/ws3
  588  mkdir testingpaths
  589  cd testingpaths
  590  git clone https://github.com/pranav-chill/ws3
  591  l
  592  ls
  593  ./ws3
  594  ls ws3
  595  history
  596  git init
  597  git remote add origin https://github.com/pranav-chill/ws3
  598  git pull origin master
  599  history > cmds.log
